# JRE version: OpenJDK Runtime Environment (17.0.6) (build 17.0.6+0-b2043.56-10027231)
# Java VM: OpenJDK 64-Bit Server VM (17.0.6+0-b2043.56-10027231, mixed mode, tiered, compressed oops, compressed class ptrs, g1 gc, windows-amd64)
GC Precious Log:
 CPUs: 4 total, 4 available
 Memory: 3877M
 Large Page Support: Disabled
 NUMA Support: Disabled
 Compressed Oops: Enabled (32-bit)
 Heap Region Size: 1M
 Heap Min Capacity: 8M
 Heap Initial Capacity: 62M
 Heap Max Capacity: 2G
 Pre-touch: Disabled
 Parallel Workers: 4
 Concurrent Workers: 1
 Concurrent Refinement Workers: 4
 Periodic GC: Disabled
Heap:
 garbage-first heap   total 193536K, used 116224K [0x0000000080000000, 0x0000000100000000)
  region size 1024K, 7 young (7168K), 7 survivors (7168K)
 Metaspace       used 102414K, committed 103104K, reserved 1138688K
  class space    used 13968K, committed 14336K, reserved 1048576K
GC Heap History (20 events):
Event: 8.914 GC heap after
{Heap after GC invocations=22 (full 0):
 garbage-first heap   total 193536K, used 46051K [0x0000000080000000, 0x0000000100000000)
  region size 1024K, 1 young (1024K), 1 survivors (1024K)
 Metaspace       used 59551K, committed 60032K, reserved 1105920K
  class space    used 7902K, committed 8128K, reserved 1048576K
}
Event: 10.758 GC heap before
{Heap before GC invocations=22 (full 0):
 garbage-first heap   total 193536K, used 148451K [0x0000000080000000, 0x0000000100000000)
  region size 1024K, 95 young (97280K), 1 survivors (1024K)
 Metaspace       used 71163K, committed 71744K, reserved 1114112K
  class space    used 9447K, committed 9728K, reserved 1048576K
}
Event: 10.771 GC heap after
{Heap after GC invocations=23 (full 0):
 garbage-first heap   total 193536K, used 53356K [0x0000000080000000, 0x0000000100000000)
  region size 1024K, 9 young (9216K), 9 survivors (9216K)
 Metaspace       used 71163K, committed 71744K, reserved 1114112K
  class space    used 9447K, committed 9728K, reserved 1048576K
}
Event: 11.114 GC heap before
{Heap before GC invocations=23 (full 0):
 garbage-first heap   total 193536K, used 72812K [0x0000000080000000, 0x0000000100000000)
  region size 1024K, 29 young (29696K), 9 survivors (9216K)
 Metaspace       used 72381K, committed 72960K, reserved 1114112K
  class space    used 9600K, committed 9920K, reserved 1048576K
}
Event: 11.131 GC heap after
{Heap after GC invocations=24 (full 0):
 garbage-first heap   total 193536K, used 56397K [0x0000000080000000, 0x0000000100000000)
  region size 1024K, 3 young (3072K), 3 survivors (3072K)
 Metaspace       used 72381K, committed 72960K, reserved 1114112K
  class space    used 9600K, committed 9920K, reserved 1048576K
}
Event: 13.951 GC heap before
{Heap before GC invocations=25 (full 0):
 garbage-first heap   total 193536K, used 147533K [0x0000000080000000, 0x0000000100000000)
  region size 1024K, 91 young (93184K), 3 survivors (3072K)
 Metaspace       used 82022K, committed 82624K, reserved 1122304K
  class space    used 11162K, committed 11456K, reserved 1048576K
}
Event: 13.966 GC heap after
{Heap after GC invocations=26 (full 0):
 garbage-first heap   total 193536K, used 61517K [0x0000000080000000, 0x0000000100000000)
  region size 1024K, 8 young (8192K), 8 survivors (8192K)
 Metaspace       used 82022K, committed 82624K, reserved 1122304K
  class space    used 11162K, committed 11456K, reserved 1048576K
}
Event: 14.014 GC heap before
{Heap before GC invocations=26 (full 0):
 garbage-first heap   total 193536K, used 61517K [0x0000000080000000, 0x0000000100000000)
  region size 1024K, 9 young (9216K), 8 survivors (8192K)
 Metaspace       used 82129K, committed 82688K, reserved 1122304K
  class space    used 11178K, committed 11456K, reserved 1048576K
}
Event: 14.031 GC heap after
{Heap after GC invocations=27 (full 0):
 garbage-first heap   total 193536K, used 62087K [0x0000000080000000, 0x0000000100000000)
  region size 1024K, 2 young (2048K), 2 survivors (2048K)
 Metaspace       used 82129K, committed 82688K, reserved 1122304K
  class space    used 11178K, committed 11456K, reserved 1048576K
}
Event: 15.622 GC heap before
{Heap before GC invocations=27 (full 0):
 garbage-first heap   total 193536K, used 151175K [0x0000000080000000, 0x0000000100000000)
  region size 1024K, 89 young (91136K), 2 survivors (2048K)
 Metaspace       used 88115K, committed 88768K, reserved 1130496K
  class space    used 12015K, committed 12352K, reserved 1048576K
}
Event: 15.637 GC heap after
{Heap after GC invocations=28 (full 0):
 garbage-first heap   total 193536K, used 71574K [0x0000000080000000, 0x0000000100000000)
  region size 1024K, 11 young (11264K), 11 survivors (11264K)
 Metaspace       used 88115K, committed 88768K, reserved 1130496K
  class space    used 12015K, committed 12352K, reserved 1048576K
}
Event: 18.106 GC heap before
{Heap before GC invocations=28 (full 0):
 garbage-first heap   total 193536K, used 149398K [0x0000000080000000, 0x0000000100000000)
  region size 1024K, 88 young (90112K), 11 survivors (11264K)
 Metaspace       used 90532K, committed 91136K, reserved 1130496K
  class space    used 12389K, committed 12672K, reserved 1048576K
}
Event: 18.142 GC heap after
{Heap after GC invocations=29 (full 0):
 garbage-first heap   total 193536K, used 79658K [0x0000000080000000, 0x0000000100000000)
  region size 1024K, 8 young (8192K), 8 survivors (8192K)
 Metaspace       used 90532K, committed 91136K, reserved 1130496K
  class space    used 12389K, committed 12672K, reserved 1048576K
}
Event: 20.074 GC heap before
{Heap before GC invocations=29 (full 0):
 garbage-first heap   total 193536K, used 152362K [0x0000000080000000, 0x0000000100000000)
  region size 1024K, 79 young (80896K), 8 survivors (8192K)
 Metaspace       used 94574K, committed 95232K, reserved 1138688K
  class space    used 12845K, committed 13120K, reserved 1048576K
}
Event: 20.107 GC heap after
{Heap after GC invocations=30 (full 0):
 garbage-first heap   total 193536K, used 87206K [0x0000000080000000, 0x0000000100000000)
  region size 1024K, 9 young (9216K), 9 survivors (9216K)
 Metaspace       used 94574K, committed 95232K, reserved 1138688K
  class space    used 12845K, committed 13120K, reserved 1048576K
}
Event: 20.830 GC heap before
{Heap before GC invocations=30 (full 0):
 garbage-first heap   total 193536K, used 152742K [0x0000000080000000, 0x0000000100000000)
  region size 1024K, 74 young (75776K), 9 survivors (9216K)
 Metaspace       used 98877K, committed 99520K, reserved 1138688K
  class space    used 13424K, committed 13760K, reserved 1048576K
}
Event: 20.850 GC heap after
{Heap after GC invocations=31 (full 0):
 garbage-first heap   total 193536K, used 98304K [0x0000000080000000, 0x0000000100000000)
  region size 1024K, 10 young (10240K), 10 survivors (10240K)
 Metaspace       used 98877K, committed 99520K, reserved 1138688K
  class space    used 13424K, committed 13760K, reserved 1048576K
}
Event: 21.663 GC heap before
{Heap before GC invocations=31 (full 0):
 garbage-first heap   total 193536K, used 153600K [0x0000000080000000, 0x0000000100000000)
  region size 1024K, 64 young (65536K), 10 survivors (10240K)
 Metaspace       used 100884K, committed 101568K, reserved 1138688K
  class space    used 13742K, committed 14080K, reserved 1048576K
}
Event: 21.688 GC heap after
{Heap after GC invocations=32 (full 0):
 garbage-first heap   total 193536K, used 108379K [0x0000000080000000, 0x0000000100000000)
  region size 1024K, 8 young (8192K), 8 survivors (8192K)
 Metaspace       used 100884K, committed 101568K, reserved 1138688K
  class space    used 13742K, committed 14080K, reserved 1048576K
}
Event: 21.937 GC heap before
{Heap before GC invocations=32 (full 0):
 garbage-first heap   total 193536K, used 155483K [0x0000000080000000, 0x0000000100000000)
  region size 1024K, 54 young (55296K), 8 survivors (8192K)
 Metaspace       used 102414K, committed 103104K, reserved 1138688K
  class space    used 13968K, committed 14336K, reserved 1048576K
}

