# JRE version: OpenJDK Runtime Environment (17.0.6) (build 17.0.6+0-b2043.56-10027231)
# Java VM: OpenJDK 64-Bit Server VM (17.0.6+0-b2043.56-10027231, mixed mode, tiered, compressed oops, compressed class ptrs, g1 gc, windows-amd64)
GC Precious Log:
 CPUs: 4 total, 4 available
 Memory: 3877M
 Large Page Support: Disabled
 NUMA Support: Disabled
 Compressed Oops: Enabled (32-bit)
 Heap Region Size: 1M
 Heap Min Capacity: 8M
 Heap Initial Capacity: 62M
 Heap Max Capacity: 2G
 Pre-touch: Disabled
 Parallel Workers: 4
 Concurrent Workers: 1
 Concurrent Refinement Workers: 4
 Periodic GC: Disabled
Heap:
 garbage-first heap   total 225280K, used 129024K [0x0000000080000000, 0x0000000100000000)
  region size 1024K, 8 young (8192K), 8 survivors (8192K)
 Metaspace       used 102769K, committed 103424K, reserved 1138688K
  class space    used 13997K, committed 14336K, reserved 1048576K
GC Heap History (20 events):
Event: 13.788 GC heap after
{Heap after GC invocations=35 (full 0):
 garbage-first heap   total 138240K, used 66084K [0x0000000080000000, 0x0000000100000000)
  region size 1024K, 7 young (7168K), 7 survivors (7168K)
 Metaspace       used 87730K, committed 88384K, reserved 1130496K
  class space    used 11983K, committed 12288K, reserved 1048576K
}
Event: 14.162 GC heap before
{Heap before GC invocations=35 (full 0):
 garbage-first heap   total 138240K, used 110116K [0x0000000080000000, 0x0000000100000000)
  region size 1024K, 50 young (51200K), 7 survivors (7168K)
 Metaspace       used 88513K, committed 89152K, reserved 1130496K
  class space    used 12098K, committed 12416K, reserved 1048576K
}
Event: 14.177 GC heap after
{Heap after GC invocations=36 (full 0):
 garbage-first heap   total 138240K, used 73339K [0x0000000080000000, 0x0000000100000000)
  region size 1024K, 7 young (7168K), 7 survivors (7168K)
 Metaspace       used 88513K, committed 89152K, reserved 1130496K
  class space    used 12098K, committed 12416K, reserved 1048576K
}
Event: 14.901 GC heap before
{Heap before GC invocations=36 (full 0):
 garbage-first heap   total 138240K, used 110203K [0x0000000080000000, 0x0000000100000000)
  region size 1024K, 43 young (44032K), 7 survivors (7168K)
 Metaspace       used 89943K, committed 90624K, reserved 1130496K
  class space    used 12354K, committed 12672K, reserved 1048576K
}
Event: 14.912 GC heap after
{Heap after GC invocations=37 (full 0):
 garbage-first heap   total 138240K, used 79174K [0x0000000080000000, 0x0000000100000000)
  region size 1024K, 6 young (6144K), 6 survivors (6144K)
 Metaspace       used 89943K, committed 90624K, reserved 1130496K
  class space    used 12354K, committed 12672K, reserved 1048576K
}
Event: 15.560 GC heap before
{Heap before GC invocations=38 (full 0):
 garbage-first heap   total 145408K, used 109894K [0x0000000080000000, 0x0000000100000000)
  region size 1024K, 37 young (37888K), 6 survivors (6144K)
 Metaspace       used 90215K, committed 90880K, reserved 1130496K
  class space    used 12363K, committed 12672K, reserved 1048576K
}
Event: 15.568 GC heap after
{Heap after GC invocations=39 (full 0):
 garbage-first heap   total 145408K, used 81847K [0x0000000080000000, 0x0000000100000000)
  region size 1024K, 4 young (4096K), 4 survivors (4096K)
 Metaspace       used 90215K, committed 90880K, reserved 1130496K
  class space    used 12363K, committed 12672K, reserved 1048576K
}
Event: 15.675 GC heap before
{Heap before GC invocations=39 (full 0):
 garbage-first heap   total 145408K, used 84919K [0x0000000080000000, 0x0000000100000000)
  region size 1024K, 7 young (7168K), 4 survivors (4096K)
 Metaspace       used 90352K, committed 91008K, reserved 1130496K
  class space    used 12389K, committed 12672K, reserved 1048576K
}
Event: 15.686 GC heap after
{Heap after GC invocations=40 (full 0):
 garbage-first heap   total 199680K, used 80863K [0x0000000080000000, 0x0000000100000000)
  region size 1024K, 1 young (1024K), 1 survivors (1024K)
 Metaspace       used 90352K, committed 91008K, reserved 1130496K
  class space    used 12389K, committed 12672K, reserved 1048576K
}
Event: 17.448 GC heap before
{Heap before GC invocations=40 (full 0):
 garbage-first heap   total 199680K, used 156639K [0x0000000080000000, 0x0000000100000000)
  region size 1024K, 75 young (76800K), 1 survivors (1024K)
 Metaspace       used 94964K, committed 95616K, reserved 1138688K
  class space    used 12903K, committed 13248K, reserved 1048576K
}
Event: 17.465 GC heap after
{Heap after GC invocations=41 (full 0):
 garbage-first heap   total 199680K, used 88546K [0x0000000080000000, 0x0000000100000000)
  region size 1024K, 9 young (9216K), 9 survivors (9216K)
 Metaspace       used 94964K, committed 95616K, reserved 1138688K
  class space    used 12903K, committed 13248K, reserved 1048576K
}
Event: 18.240 GC heap before
{Heap before GC invocations=41 (full 0):
 garbage-first heap   total 199680K, used 151010K [0x0000000080000000, 0x0000000100000000)
  region size 1024K, 71 young (72704K), 9 survivors (9216K)
 Metaspace       used 98623K, committed 99328K, reserved 1138688K
  class space    used 13405K, committed 13760K, reserved 1048576K
}
Event: 18.271 GC heap after
{Heap after GC invocations=42 (full 0):
 garbage-first heap   total 199680K, used 98918K [0x0000000080000000, 0x0000000100000000)
  region size 1024K, 9 young (9216K), 9 survivors (9216K)
 Metaspace       used 98623K, committed 99328K, reserved 1138688K
  class space    used 13405K, committed 13760K, reserved 1048576K
}
Event: 18.537 GC heap before
{Heap before GC invocations=42 (full 0):
 garbage-first heap   total 199680K, used 155238K [0x0000000080000000, 0x0000000100000000)
  region size 1024K, 64 young (65536K), 9 survivors (9216K)
 Metaspace       used 100028K, committed 100736K, reserved 1138688K
  class space    used 13614K, committed 13952K, reserved 1048576K
}
Event: 18.563 GC heap after
{Heap after GC invocations=43 (full 0):
 garbage-first heap   total 199680K, used 110560K [0x0000000080000000, 0x0000000100000000)
  region size 1024K, 8 young (8192K), 8 survivors (8192K)
 Metaspace       used 100028K, committed 100736K, reserved 1138688K
  class space    used 13614K, committed 13952K, reserved 1048576K
}
Event: 19.021 GC heap before
{Heap before GC invocations=44 (full 0):
 garbage-first heap   total 225280K, used 157664K [0x0000000080000000, 0x0000000100000000)
  region size 1024K, 54 young (55296K), 8 survivors (8192K)
 Metaspace       used 100923K, committed 101632K, reserved 1138688K
  class space    used 13743K, committed 14080K, reserved 1048576K
}
Event: 19.130 GC heap after
{Heap after GC invocations=45 (full 0):
 garbage-first heap   total 225280K, used 119296K [0x0000000080000000, 0x0000000100000000)
  region size 1024K, 7 young (7168K), 7 survivors (7168K)
 Metaspace       used 100923K, committed 101632K, reserved 1138688K
  class space    used 13743K, committed 14080K, reserved 1048576K
}
Event: 19.146 GC heap before
{Heap before GC invocations=45 (full 0):
 garbage-first heap   total 225280K, used 123392K [0x0000000080000000, 0x0000000100000000)
  region size 1024K, 11 young (11264K), 7 survivors (7168K)
 Metaspace       used 100928K, committed 101632K, reserved 1138688K
  class space    used 13743K, committed 14080K, reserved 1048576K
}
Event: 19.165 GC heap after
{Heap after GC invocations=46 (full 0):
 garbage-first heap   total 225280K, used 121003K [0x0000000080000000, 0x0000000100000000)
  region size 1024K, 2 young (2048K), 2 survivors (2048K)
 Metaspace       used 100928K, committed 101632K, reserved 1138688K
  class space    used 13743K, committed 14080K, reserved 1048576K
}
Event: 19.447 GC heap before
{Heap before GC invocations=46 (full 0):
 garbage-first heap   total 225280K, used 177323K [0x0000000080000000, 0x0000000100000000)
  region size 1024K, 57 young (58368K), 2 survivors (2048K)
 Metaspace       used 102769K, committed 103424K, reserved 1138688K
  class space    used 13997K, committed 14336K, reserved 1048576K
}

