# JRE version: OpenJDK Runtime Environment (17.0.6) (build 17.0.6+0-b2043.56-10027231)
# Java VM: OpenJDK 64-Bit Server VM (17.0.6+0-b2043.56-10027231, mixed mode, tiered, compressed oops, compressed class ptrs, g1 gc, windows-amd64)
GC Precious Log:
 CPUs: 4 total, 4 available
 Memory: 3877M
 Large Page Support: Disabled
 NUMA Support: Disabled
 Compressed Oops: Enabled (32-bit)
 Heap Region Size: 1M
 Heap Min Capacity: 8M
 Heap Initial Capacity: 62M
 Heap Max Capacity: 2G
 Pre-touch: Disabled
 Parallel Workers: 4
 Concurrent Workers: 1
 Concurrent Refinement Workers: 4
 Periodic GC: Disabled
Heap:
 garbage-first heap   total 367616K, used 296435K [0x0000000080000000, 0x0000000100000000)
  region size 1024K, 4 young (4096K), 4 survivors (4096K)
 Metaspace       used 132435K, committed 133504K, reserved 1171456K
  class space    used 17549K, committed 18048K, reserved 1048576K
GC Heap History (20 events):
Event: 3494.556 GC heap after
{Heap after GC invocations=70 (full 0):
 garbage-first heap   total 294912K, used 236052K [0x0000000080000000, 0x0000000100000000)
  region size 1024K, 4 young (4096K), 4 survivors (4096K)
 Metaspace       used 117794K, committed 118848K, reserved 1155072K
  class space    used 15622K, committed 16128K, reserved 1048576K
}
Event: 3495.195 GC heap before
{Heap before GC invocations=70 (full 0):
 garbage-first heap   total 294912K, used 252436K [0x0000000080000000, 0x0000000100000000)
  region size 1024K, 20 young (20480K), 4 survivors (4096K)
 Metaspace       used 118438K, committed 119424K, reserved 1155072K
  class space    used 15694K, committed 16192K, reserved 1048576K
}
Event: 3495.221 GC heap after
{Heap after GC invocations=71 (full 0):
 garbage-first heap   total 294912K, used 245413K [0x0000000080000000, 0x0000000100000000)
  region size 1024K, 3 young (3072K), 3 survivors (3072K)
 Metaspace       used 118438K, committed 119424K, reserved 1155072K
  class space    used 15694K, committed 16192K, reserved 1048576K
}
Event: 3495.782 GC heap before
{Heap before GC invocations=71 (full 0):
 garbage-first heap   total 294912K, used 256677K [0x0000000080000000, 0x0000000100000000)
  region size 1024K, 14 young (14336K), 3 survivors (3072K)
 Metaspace       used 118682K, committed 119744K, reserved 1155072K
  class space    used 15714K, committed 16192K, reserved 1048576K
}
Event: 3495.794 GC heap after
{Heap after GC invocations=72 (full 0):
 garbage-first heap   total 367616K, used 247974K [0x0000000080000000, 0x0000000100000000)
  region size 1024K, 2 young (2048K), 2 survivors (2048K)
 Metaspace       used 118682K, committed 119744K, reserved 1155072K
  class space    used 15714K, committed 16192K, reserved 1048576K
}
Event: 3500.102 GC heap before
{Heap before GC invocations=72 (full 0):
 garbage-first heap   total 367616K, used 315558K [0x0000000080000000, 0x0000000100000000)
  region size 1024K, 52 young (53248K), 2 survivors (2048K)
 Metaspace       used 122596K, committed 123648K, reserved 1163264K
  class space    used 16124K, committed 16640K, reserved 1048576K
}
Event: 3500.114 GC heap after
{Heap after GC invocations=73 (full 0):
 garbage-first heap   total 367616K, used 252386K [0x0000000080000000, 0x0000000100000000)
  region size 1024K, 6 young (6144K), 6 survivors (6144K)
 Metaspace       used 122596K, committed 123648K, reserved 1163264K
  class space    used 16124K, committed 16640K, reserved 1048576K
}
Event: 3501.334 GC heap before
{Heap before GC invocations=73 (full 0):
 garbage-first heap   total 367616K, used 301538K [0x0000000080000000, 0x0000000100000000)
  region size 1024K, 55 young (56320K), 6 survivors (6144K)
 Metaspace       used 123774K, committed 124800K, reserved 1163264K
  class space    used 16296K, committed 16768K, reserved 1048576K
}
Event: 3501.351 GC heap after
{Heap after GC invocations=74 (full 0):
 garbage-first heap   total 367616K, used 258603K [0x0000000080000000, 0x0000000100000000)
  region size 1024K, 7 young (7168K), 7 survivors (7168K)
 Metaspace       used 123774K, committed 124800K, reserved 1163264K
  class space    used 16296K, committed 16768K, reserved 1048576K
}
Event: 3501.842 GC heap before
{Heap before GC invocations=74 (full 0):
 garbage-first heap   total 367616K, used 304683K [0x0000000080000000, 0x0000000100000000)
  region size 1024K, 53 young (54272K), 7 survivors (7168K)
 Metaspace       used 127531K, committed 128576K, reserved 1163264K
  class space    used 16821K, committed 17280K, reserved 1048576K
}
Event: 3501.852 GC heap after
{Heap after GC invocations=75 (full 0):
 garbage-first heap   total 367616K, used 265855K [0x0000000080000000, 0x0000000100000000)
  region size 1024K, 7 young (7168K), 7 survivors (7168K)
 Metaspace       used 127531K, committed 128576K, reserved 1163264K
  class space    used 16821K, committed 17280K, reserved 1048576K
}
Event: 3502.166 GC heap before
{Heap before GC invocations=75 (full 0):
 garbage-first heap   total 367616K, used 309887K [0x0000000080000000, 0x0000000100000000)
  region size 1024K, 50 young (51200K), 7 survivors (7168K)
 Metaspace       used 129329K, committed 130432K, reserved 1163264K
  class space    used 17081K, committed 17600K, reserved 1048576K
}
Event: 3502.185 GC heap after
{Heap after GC invocations=76 (full 0):
 garbage-first heap   total 367616K, used 274235K [0x0000000080000000, 0x0000000100000000)
  region size 1024K, 7 young (7168K), 7 survivors (7168K)
 Metaspace       used 129329K, committed 130432K, reserved 1163264K
  class space    used 17081K, committed 17600K, reserved 1048576K
}
Event: 3502.414 GC heap before
{Heap before GC invocations=76 (full 0):
 garbage-first heap   total 367616K, used 311099K [0x0000000080000000, 0x0000000100000000)
  region size 1024K, 44 young (45056K), 7 survivors (7168K)
 Metaspace       used 130914K, committed 131968K, reserved 1171456K
  class space    used 17290K, committed 17792K, reserved 1048576K
}
Event: 3502.441 GC heap after
{Heap after GC invocations=77 (full 0):
 garbage-first heap   total 367616K, used 280930K [0x0000000080000000, 0x0000000100000000)
  region size 1024K, 6 young (6144K), 6 survivors (6144K)
 Metaspace       used 130914K, committed 131968K, reserved 1171456K
  class space    used 17290K, committed 17792K, reserved 1048576K
}
Event: 3502.588 GC heap before
{Heap before GC invocations=77 (full 0):
 garbage-first heap   total 367616K, used 312674K [0x0000000080000000, 0x0000000100000000)
  region size 1024K, 38 young (38912K), 6 survivors (6144K)
 Metaspace       used 132314K, committed 133376K, reserved 1171456K
  class space    used 17529K, committed 18048K, reserved 1048576K
}
Event: 3502.609 GC heap after
{Heap after GC invocations=78 (full 0):
 garbage-first heap   total 367616K, used 286720K [0x0000000080000000, 0x0000000100000000)
  region size 1024K, 5 young (5120K), 5 survivors (5120K)
 Metaspace       used 132314K, committed 133376K, reserved 1171456K
  class space    used 17529K, committed 18048K, reserved 1048576K
}
Event: 3502.652 GC heap before
{Heap before GC invocations=78 (full 0):
 garbage-first heap   total 367616K, used 316416K [0x0000000080000000, 0x0000000100000000)
  region size 1024K, 34 young (34816K), 5 survivors (5120K)
 Metaspace       used 132333K, committed 133376K, reserved 1171456K
  class space    used 17529K, committed 18048K, reserved 1048576K
}
Event: 3502.665 GC heap after
{Heap after GC invocations=79 (full 0):
 garbage-first heap   total 367616K, used 291758K [0x0000000080000000, 0x0000000100000000)
  region size 1024K, 5 young (5120K), 5 survivors (5120K)
 Metaspace       used 132333K, committed 133376K, reserved 1171456K
  class space    used 17529K, committed 18048K, reserved 1048576K
}
Event: 3502.702 GC heap before
{Heap before GC invocations=79 (full 0):
 garbage-first heap   total 367616K, used 318382K [0x0000000080000000, 0x0000000100000000)
  region size 1024K, 31 young (31744K), 5 survivors (5120K)
 Metaspace       used 132435K, committed 133504K, reserved 1171456K
  class space    used 17549K, committed 18048K, reserved 1048576K
}

