# JRE version: OpenJDK Runtime Environment (17.0.6) (build 17.0.6+0-b2043.56-10027231)
# Java VM: OpenJDK 64-Bit Server VM (17.0.6+0-b2043.56-10027231, mixed mode, tiered, compressed oops, compressed class ptrs, g1 gc, windows-amd64)
GC Precious Log:
 CPUs: 4 total, 4 available
 Memory: 3877M
 Large Page Support: Disabled
 NUMA Support: Disabled
 Compressed Oops: Enabled (32-bit)
 Heap Region Size: 1M
 Heap Min Capacity: 8M
 Heap Initial Capacity: 62M
 Heap Max Capacity: 2G
 Pre-touch: Disabled
 Parallel Workers: 4
 Concurrent Workers: 1
 Concurrent Refinement Workers: 4
 Periodic GC: Disabled
Heap:
 garbage-first heap   total 468992K, used 394153K [0x0000000080000000, 0x0000000100000000)
  region size 1024K, 3 young (3072K), 3 survivors (3072K)
 Metaspace       used 130959K, committed 132352K, reserved 1171456K
  class space    used 16845K, committed 17536K, reserved 1048576K
GC Heap History (20 events):
Event: 2724.742 GC heap after
{Heap after GC invocations=71 (full 0):
 garbage-first heap   total 468992K, used 330219K [0x0000000080000000, 0x0000000100000000)
  region size 1024K, 12 young (12288K), 12 survivors (12288K)
 Metaspace       used 130429K, committed 131712K, reserved 1163264K
  class space    used 16792K, committed 17408K, reserved 1048576K
}
Event: 2725.325 GC heap before
{Heap before GC invocations=71 (full 0):
 garbage-first heap   total 468992K, used 402923K [0x0000000080000000, 0x0000000100000000)
  region size 1024K, 67 young (68608K), 12 survivors (12288K)
 Metaspace       used 130492K, committed 131776K, reserved 1163264K
  class space    used 16800K, committed 17408K, reserved 1048576K
}
Event: 2725.358 GC heap after
{Heap after GC invocations=72 (full 0):
 garbage-first heap   total 468992K, used 339456K [0x0000000080000000, 0x0000000100000000)
  region size 1024K, 8 young (8192K), 8 survivors (8192K)
 Metaspace       used 130492K, committed 131776K, reserved 1163264K
  class space    used 16800K, committed 17408K, reserved 1048576K
}
Event: 2726.465 GC heap before
{Heap before GC invocations=72 (full 0):
 garbage-first heap   total 468992K, used 390656K [0x0000000080000000, 0x0000000100000000)
  region size 1024K, 59 young (60416K), 8 survivors (8192K)
 Metaspace       used 130577K, committed 131840K, reserved 1171456K
  class space    used 16801K, committed 17408K, reserved 1048576K
}
Event: 2726.491 GC heap after
{Heap after GC invocations=73 (full 0):
 garbage-first heap   total 468992K, used 348160K [0x0000000080000000, 0x0000000100000000)
  region size 1024K, 8 young (8192K), 8 survivors (8192K)
 Metaspace       used 130577K, committed 131840K, reserved 1171456K
  class space    used 16801K, committed 17408K, reserved 1048576K
}
Event: 2727.730 GC heap before
{Heap before GC invocations=73 (full 0):
 garbage-first heap   total 468992K, used 394240K [0x0000000080000000, 0x0000000100000000)
  region size 1024K, 54 young (55296K), 8 survivors (8192K)
 Metaspace       used 130599K, committed 131840K, reserved 1171456K
  class space    used 16801K, committed 17408K, reserved 1048576K
}
Event: 2727.747 GC heap after
{Heap after GC invocations=74 (full 0):
 garbage-first heap   total 468992K, used 346921K [0x0000000080000000, 0x0000000100000000)
  region size 1024K, 2 young (2048K), 2 survivors (2048K)
 Metaspace       used 130599K, committed 131840K, reserved 1171456K
  class space    used 16801K, committed 17408K, reserved 1048576K
}
Event: 2797.517 GC heap before
{Heap before GC invocations=74 (full 0):
 garbage-first heap   total 468992K, used 397097K [0x0000000080000000, 0x0000000100000000)
  region size 1024K, 52 young (53248K), 2 survivors (2048K)
 Metaspace       used 130656K, committed 131968K, reserved 1171456K
  class space    used 16809K, committed 17472K, reserved 1048576K
}
Event: 2797.542 GC heap after
{Heap after GC invocations=75 (full 0):
 garbage-first heap   total 468992K, used 348103K [0x0000000080000000, 0x0000000100000000)
  region size 1024K, 3 young (3072K), 3 survivors (3072K)
 Metaspace       used 130656K, committed 131968K, reserved 1171456K
  class space    used 16809K, committed 17472K, reserved 1048576K
}
Event: 2799.969 GC heap before
{Heap before GC invocations=75 (full 0):
 garbage-first heap   total 468992K, used 400327K [0x0000000080000000, 0x0000000100000000)
  region size 1024K, 55 young (56320K), 3 survivors (3072K)
 Metaspace       used 130886K, committed 132160K, reserved 1171456K
  class space    used 16842K, committed 17472K, reserved 1048576K
}
Event: 2800.003 GC heap after
{Heap after GC invocations=76 (full 0):
 garbage-first heap   total 468992K, used 356506K [0x0000000080000000, 0x0000000100000000)
  region size 1024K, 7 young (7168K), 7 survivors (7168K)
 Metaspace       used 130886K, committed 132160K, reserved 1171456K
  class space    used 16842K, committed 17472K, reserved 1048576K
}
Event: 2800.802 GC heap before
{Heap before GC invocations=76 (full 0):
 garbage-first heap   total 468992K, used 410778K [0x0000000080000000, 0x0000000100000000)
  region size 1024K, 51 young (52224K), 7 survivors (7168K)
 Metaspace       used 130908K, committed 132224K, reserved 1171456K
  class space    used 16842K, committed 17472K, reserved 1048576K
}
Event: 2800.849 GC heap after
{Heap after GC invocations=77 (full 0):
 garbage-first heap   total 468992K, used 377856K [0x0000000080000000, 0x0000000100000000)
  region size 1024K, 7 young (7168K), 7 survivors (7168K)
 Metaspace       used 130908K, committed 132224K, reserved 1171456K
  class space    used 16842K, committed 17472K, reserved 1048576K
}
Event: 2801.209 GC heap before
{Heap before GC invocations=77 (full 0):
 garbage-first heap   total 468992K, used 411648K [0x0000000080000000, 0x0000000100000000)
  region size 1024K, 33 young (33792K), 7 survivors (7168K)
 Metaspace       used 130920K, committed 132288K, reserved 1171456K
  class space    used 16842K, committed 17472K, reserved 1048576K
}
Event: 2801.237 GC heap after
{Heap after GC invocations=78 (full 0):
 garbage-first heap   total 468992K, used 384852K [0x0000000080000000, 0x0000000100000000)
  region size 1024K, 5 young (5120K), 5 survivors (5120K)
 Metaspace       used 130920K, committed 132288K, reserved 1171456K
  class space    used 16842K, committed 17472K, reserved 1048576K
}
Event: 2801.384 GC heap before
{Heap before GC invocations=78 (full 0):
 garbage-first heap   total 468992K, used 423764K [0x0000000080000000, 0x0000000100000000)
  region size 1024K, 27 young (27648K), 5 survivors (5120K)
 Metaspace       used 130924K, committed 132288K, reserved 1171456K
  class space    used 16843K, committed 17472K, reserved 1048576K
}
Event: 2801.394 GC heap after
{Heap after GC invocations=79 (full 0):
 garbage-first heap   total 468992K, used 387141K [0x0000000080000000, 0x0000000100000000)
  region size 1024K, 3 young (3072K), 3 survivors (3072K)
 Metaspace       used 130924K, committed 132288K, reserved 1171456K
  class space    used 16843K, committed 17472K, reserved 1048576K
}
Event: 2801.477 GC heap before
{Heap before GC invocations=79 (full 0):
 garbage-first heap   total 468992K, used 408645K [0x0000000080000000, 0x0000000100000000)
  region size 1024K, 24 young (24576K), 3 survivors (3072K)
 Metaspace       used 130951K, committed 132352K, reserved 1171456K
  class space    used 16844K, committed 17536K, reserved 1048576K
}
Event: 2801.486 GC heap after
{Heap after GC invocations=80 (full 0):
 garbage-first heap   total 468992K, used 391168K [0x0000000080000000, 0x0000000100000000)
  region size 1024K, 3 young (3072K), 3 survivors (3072K)
 Metaspace       used 130951K, committed 132352K, reserved 1171456K
  class space    used 16844K, committed 17536K, reserved 1048576K
}
Event: 2801.624 GC heap before
{Heap before GC invocations=80 (full 0):
 garbage-first heap   total 468992K, used 410624K [0x0000000080000000, 0x0000000100000000)
  region size 1024K, 22 young (22528K), 3 survivors (3072K)
 Metaspace       used 130959K, committed 132352K, reserved 1171456K
  class space    used 16845K, committed 17536K, reserved 1048576K
}

