# JRE version: OpenJDK Runtime Environment (17.0.6) (build 17.0.6+0-b2043.56-10027231)
# Java VM: OpenJDK 64-Bit Server VM (17.0.6+0-b2043.56-10027231, mixed mode, tiered, compressed oops, compressed class ptrs, g1 gc, windows-amd64)
GC Precious Log:
 CPUs: 4 total, 4 available
 Memory: 3877M
 Large Page Support: Disabled
 NUMA Support: Disabled
 Compressed Oops: Enabled (32-bit)
 Heap Region Size: 1M
 Heap Min Capacity: 8M
 Heap Initial Capacity: 62M
 Heap Max Capacity: 2G
 Pre-touch: Disabled
 Parallel Workers: 4
 Concurrent Workers: 1
 Concurrent Refinement Workers: 4
 Periodic GC: Disabled
Heap:
 garbage-first heap   total 334848K, used 208512K [0x0000000080000000, 0x0000000100000000)
  region size 1024K, 38 young (38912K), 8 survivors (8192K)
 Metaspace       used 120869K, committed 121728K, reserved 1155072K
  class space    used 16124K, committed 16576K, reserved 1048576K
GC Heap History (20 events):
Event: 21.431 GC heap before
{Heap before GC invocations=33 (full 0):
 garbage-first heap   total 150528K, used 130273K [0x0000000080000000, 0x0000000100000000)
  region size 1024K, 40 young (40960K), 6 survivors (6144K)
 Metaspace       used 95760K, committed 96512K, reserved 1138688K
  class space    used 12946K, committed 13312K, reserved 1048576K
}
Event: 21.449 GC heap after
{Heap after GC invocations=34 (full 0):
 garbage-first heap   total 155648K, used 106895K [0x0000000080000000, 0x0000000100000000)
  region size 1024K, 5 young (5120K), 5 survivors (5120K)
 Metaspace       used 95760K, committed 96512K, reserved 1138688K
  class space    used 12946K, committed 13312K, reserved 1048576K
}
Event: 21.803 GC heap before
{Heap before GC invocations=34 (full 0):
 garbage-first heap   total 155648K, used 127375K [0x0000000080000000, 0x0000000100000000)
  region size 1024K, 22 young (22528K), 5 survivors (5120K)
 Metaspace       used 96605K, committed 97344K, reserved 1138688K
  class space    used 13027K, committed 13376K, reserved 1048576K
}
Event: 21.813 GC heap after
{Heap after GC invocations=35 (full 0):
 garbage-first heap   total 334848K, used 111341K [0x0000000080000000, 0x0000000100000000)
  region size 1024K, 2 young (2048K), 2 survivors (2048K)
 Metaspace       used 96605K, committed 97344K, reserved 1138688K
  class space    used 13027K, committed 13376K, reserved 1048576K
}
Event: 23.469 GC heap before
{Heap before GC invocations=36 (full 0):
 garbage-first heap   total 334848K, used 261869K [0x0000000080000000, 0x0000000100000000)
  region size 1024K, 128 young (131072K), 2 survivors (2048K)
 Metaspace       used 100587K, committed 101440K, reserved 1138688K
  class space    used 13345K, committed 13760K, reserved 1048576K
}
Event: 23.500 GC heap after
{Heap after GC invocations=37 (full 0):
 garbage-first heap   total 334848K, used 124928K [0x0000000080000000, 0x0000000100000000)
  region size 1024K, 16 young (16384K), 16 survivors (16384K)
 Metaspace       used 100587K, committed 101440K, reserved 1138688K
  class space    used 13345K, committed 13760K, reserved 1048576K
}
Event: 23.519 GC heap before
{Heap before GC invocations=37 (full 0):
 garbage-first heap   total 334848K, used 125952K [0x0000000080000000, 0x0000000100000000)
  region size 1024K, 17 young (17408K), 16 survivors (16384K)
 Metaspace       used 100746K, committed 101568K, reserved 1138688K
  class space    used 13359K, committed 13760K, reserved 1048576K
}
Event: 23.540 GC heap after
{Heap after GC invocations=38 (full 0):
 garbage-first heap   total 334848K, used 124893K [0x0000000080000000, 0x0000000100000000)
  region size 1024K, 2 young (2048K), 2 survivors (2048K)
 Metaspace       used 100746K, committed 101568K, reserved 1138688K
  class space    used 13359K, committed 13760K, reserved 1048576K
}
Event: 27.973 GC heap before
{Heap before GC invocations=38 (full 0):
 garbage-first heap   total 334848K, used 244701K [0x0000000080000000, 0x0000000100000000)
  region size 1024K, 118 young (120832K), 2 survivors (2048K)
 Metaspace       used 104017K, committed 104768K, reserved 1146880K
  class space    used 13704K, committed 14080K, reserved 1048576K
}
Event: 27.982 GC heap after
{Heap after GC invocations=39 (full 0):
 garbage-first heap   total 334848K, used 131010K [0x0000000080000000, 0x0000000100000000)
  region size 1024K, 8 young (8192K), 8 survivors (8192K)
 Metaspace       used 104017K, committed 104768K, reserved 1146880K
  class space    used 13704K, committed 14080K, reserved 1048576K
}
Event: 29.365 GC heap before
{Heap before GC invocations=39 (full 0):
 garbage-first heap   total 334848K, used 250818K [0x0000000080000000, 0x0000000100000000)
  region size 1024K, 126 young (129024K), 8 survivors (8192K)
 Metaspace       used 105600K, committed 106368K, reserved 1146880K
  class space    used 13895K, committed 14272K, reserved 1048576K
}
Event: 29.382 GC heap after
{Heap after GC invocations=40 (full 0):
 garbage-first heap   total 334848K, used 136271K [0x0000000080000000, 0x0000000100000000)
  region size 1024K, 13 young (13312K), 13 survivors (13312K)
 Metaspace       used 105600K, committed 106368K, reserved 1146880K
  class space    used 13895K, committed 14272K, reserved 1048576K
}
Event: 30.958 GC heap before
{Heap before GC invocations=40 (full 0):
 garbage-first heap   total 334848K, used 262223K [0x0000000080000000, 0x0000000100000000)
  region size 1024K, 135 young (138240K), 13 survivors (13312K)
 Metaspace       used 106359K, committed 107136K, reserved 1146880K
  class space    used 13989K, committed 14336K, reserved 1048576K
}
Event: 30.968 GC heap after
{Heap after GC invocations=41 (full 0):
 garbage-first heap   total 334848K, used 135597K [0x0000000080000000, 0x0000000100000000)
  region size 1024K, 5 young (5120K), 5 survivors (5120K)
 Metaspace       used 106359K, committed 107136K, reserved 1146880K
  class space    used 13989K, committed 14336K, reserved 1048576K
}
Event: 34.883 GC heap before
{Heap before GC invocations=41 (full 0):
 garbage-first heap   total 334848K, used 266669K [0x0000000080000000, 0x0000000100000000)
  region size 1024K, 134 young (137216K), 5 survivors (5120K)
 Metaspace       used 113902K, committed 114688K, reserved 1155072K
  class space    used 15052K, committed 15424K, reserved 1048576K
}
Event: 34.915 GC heap after
{Heap after GC invocations=42 (full 0):
 garbage-first heap   total 334848K, used 154145K [0x0000000080000000, 0x0000000100000000)
  region size 1024K, 17 young (17408K), 17 survivors (17408K)
 Metaspace       used 113902K, committed 114688K, reserved 1155072K
  class space    used 15052K, committed 15424K, reserved 1048576K
}
Event: 35.372 GC heap before
{Heap before GC invocations=42 (full 0):
 garbage-first heap   total 334848K, used 264737K [0x0000000080000000, 0x0000000100000000)
  region size 1024K, 126 young (129024K), 17 survivors (17408K)
 Metaspace       used 118355K, committed 119168K, reserved 1155072K
  class space    used 15816K, committed 16192K, reserved 1048576K
}
Event: 35.434 GC heap after
{Heap after GC invocations=43 (full 0):
 garbage-first heap   total 334848K, used 170885K [0x0000000080000000, 0x0000000100000000)
  region size 1024K, 16 young (16384K), 16 survivors (16384K)
 Metaspace       used 118355K, committed 119168K, reserved 1155072K
  class space    used 15816K, committed 16192K, reserved 1048576K
}
Event: 36.057 GC heap before
{Heap before GC invocations=43 (full 0):
 garbage-first heap   total 334848K, used 268165K [0x0000000080000000, 0x0000000100000000)
  region size 1024K, 111 young (113664K), 16 survivors (16384K)
 Metaspace       used 120666K, committed 121472K, reserved 1155072K
  class space    used 16106K, committed 16512K, reserved 1048576K
}
Event: 36.085 GC heap after
{Heap after GC invocations=44 (full 0):
 garbage-first heap   total 334848K, used 178816K [0x0000000080000000, 0x0000000100000000)
  region size 1024K, 8 young (8192K), 8 survivors (8192K)
 Metaspace       used 120666K, committed 121472K, reserved 1155072K
  class space    used 16106K, committed 16512K, reserved 1048576K
}

