# JRE version: OpenJDK Runtime Environment (17.0.6) (build 17.0.6+0-b2043.56-10027231)
# Java VM: OpenJDK 64-Bit Server VM (17.0.6+0-b2043.56-10027231, mixed mode, tiered, compressed oops, compressed class ptrs, g1 gc, windows-amd64)
GC Precious Log:
 CPUs: 4 total, 4 available
 Memory: 3877M
 Large Page Support: Disabled
 NUMA Support: Disabled
 Compressed Oops: Enabled (32-bit)
 Heap Region Size: 1M
 Heap Min Capacity: 8M
 Heap Initial Capacity: 62M
 Heap Max Capacity: 2G
 Pre-touch: Disabled
 Parallel Workers: 4
 Concurrent Workers: 1
 Concurrent Refinement Workers: 4
 Periodic GC: Disabled
Heap:
 garbage-first heap   total 284672K, used 142848K [0x0000000080000000, 0x0000000100000000)
  region size 1024K, 13 young (13312K), 13 survivors (13312K)
 Metaspace       used 105008K, committed 105728K, reserved 1146880K
  class space    used 14369K, committed 14720K, reserved 1048576K
GC Heap History (20 events):
Event: 11.928 GC heap after
{Heap after GC invocations=26 (full 0):
 garbage-first heap   total 134144K, used 53917K [0x0000000080000000, 0x0000000100000000)
  region size 1024K, 4 young (4096K), 4 survivors (4096K)
 Metaspace       used 71010K, committed 71616K, reserved 1114112K
  class space    used 9430K, committed 9728K, reserved 1048576K
}
Event: 12.707 GC heap before
{Heap before GC invocations=26 (full 0):
 garbage-first heap   total 134144K, used 104093K [0x0000000080000000, 0x0000000100000000)
  region size 1024K, 53 young (54272K), 4 survivors (4096K)
 Metaspace       used 75639K, committed 76160K, reserved 1122304K
  class space    used 10108K, committed 10368K, reserved 1048576K
}
Event: 12.716 GC heap after
{Heap after GC invocations=27 (full 0):
 garbage-first heap   total 134144K, used 57811K [0x0000000080000000, 0x0000000100000000)
  region size 1024K, 7 young (7168K), 7 survivors (7168K)
 Metaspace       used 75639K, committed 76160K, reserved 1122304K
  class space    used 10108K, committed 10368K, reserved 1048576K
}
Event: 13.718 GC heap before
{Heap before GC invocations=27 (full 0):
 garbage-first heap   total 134144K, used 105939K [0x0000000080000000, 0x0000000100000000)
  region size 1024K, 54 young (55296K), 7 survivors (7168K)
 Metaspace       used 81174K, committed 81792K, reserved 1122304K
  class space    used 11032K, committed 11328K, reserved 1048576K
}
Event: 13.732 GC heap after
{Heap after GC invocations=28 (full 0):
 garbage-first heap   total 134144K, used 61564K [0x0000000080000000, 0x0000000100000000)
  region size 1024K, 4 young (4096K), 4 survivors (4096K)
 Metaspace       used 81174K, committed 81792K, reserved 1122304K
  class space    used 11032K, committed 11328K, reserved 1048576K
}
Event: 14.882 GC heap before
{Heap before GC invocations=28 (full 0):
 garbage-first heap   total 134144K, used 106620K [0x0000000080000000, 0x0000000100000000)
  region size 1024K, 48 young (49152K), 4 survivors (4096K)
 Metaspace       used 86692K, committed 87296K, reserved 1130496K
  class space    used 11835K, committed 12160K, reserved 1048576K
}
Event: 14.891 GC heap after
{Heap after GC invocations=29 (full 0):
 garbage-first heap   total 134144K, used 65120K [0x0000000080000000, 0x0000000100000000)
  region size 1024K, 4 young (4096K), 4 survivors (4096K)
 Metaspace       used 86692K, committed 87296K, reserved 1130496K
  class space    used 11835K, committed 12160K, reserved 1048576K
}
Event: 15.315 GC heap before
{Heap before GC invocations=29 (full 0):
 garbage-first heap   total 134144K, used 108128K [0x0000000080000000, 0x0000000100000000)
  region size 1024K, 46 young (47104K), 4 survivors (4096K)
 Metaspace       used 88055K, committed 88704K, reserved 1130496K
  class space    used 12008K, committed 12288K, reserved 1048576K
}
Event: 15.332 GC heap after
{Heap after GC invocations=30 (full 0):
 garbage-first heap   total 134144K, used 71071K [0x0000000080000000, 0x0000000100000000)
  region size 1024K, 6 young (6144K), 6 survivors (6144K)
 Metaspace       used 88055K, committed 88704K, reserved 1130496K
  class space    used 12008K, committed 12288K, reserved 1048576K
}
Event: 16.120 GC heap before
{Heap before GC invocations=31 (full 0):
 garbage-first heap   total 142336K, used 107935K [0x0000000080000000, 0x0000000100000000)
  region size 1024K, 42 young (43008K), 6 survivors (6144K)
 Metaspace       used 89877K, committed 90496K, reserved 1130496K
  class space    used 12354K, committed 12672K, reserved 1048576K
}
Event: 16.133 GC heap after
{Heap after GC invocations=32 (full 0):
 garbage-first heap   total 142336K, used 76883K [0x0000000080000000, 0x0000000100000000)
  region size 1024K, 6 young (6144K), 6 survivors (6144K)
 Metaspace       used 89877K, committed 90496K, reserved 1130496K
  class space    used 12354K, committed 12672K, reserved 1048576K
}
Event: 16.142 GC heap before
{Heap before GC invocations=32 (full 0):
 garbage-first heap   total 142336K, used 77907K [0x0000000080000000, 0x0000000100000000)
  region size 1024K, 7 young (7168K), 6 survivors (6144K)
 Metaspace       used 89881K, committed 90560K, reserved 1130496K
  class space    used 12354K, committed 12672K, reserved 1048576K
}
Event: 16.150 GC heap after
{Heap after GC invocations=33 (full 0):
 garbage-first heap   total 284672K, used 77304K [0x0000000080000000, 0x0000000100000000)
  region size 1024K, 1 young (1024K), 1 survivors (1024K)
 Metaspace       used 89881K, committed 90560K, reserved 1130496K
  class space    used 12354K, committed 12672K, reserved 1048576K
}
Event: 19.385 GC heap before
{Heap before GC invocations=33 (full 0):
 garbage-first heap   total 284672K, used 219640K [0x0000000080000000, 0x0000000100000000)
  region size 1024K, 140 young (143360K), 1 survivors (1024K)
 Metaspace       used 94580K, committed 95232K, reserved 1138688K
  class space    used 12836K, committed 13120K, reserved 1048576K
}
Event: 19.489 GC heap after
{Heap after GC invocations=34 (full 0):
 garbage-first heap   total 284672K, used 91413K [0x0000000080000000, 0x0000000100000000)
  region size 1024K, 15 young (15360K), 15 survivors (15360K)
 Metaspace       used 94580K, committed 95232K, reserved 1138688K
  class space    used 12836K, committed 13120K, reserved 1048576K
}
Event: 21.147 GC heap before
{Heap before GC invocations=34 (full 0):
 garbage-first heap   total 284672K, used 209173K [0x0000000080000000, 0x0000000100000000)
  region size 1024K, 131 young (134144K), 15 survivors (15360K)
 Metaspace       used 100587K, committed 101248K, reserved 1138688K
  class space    used 13697K, committed 14016K, reserved 1048576K
}
Event: 21.214 GC heap after
{Heap after GC invocations=35 (full 0):
 garbage-first heap   total 284672K, used 111411K [0x0000000080000000, 0x0000000100000000)
  region size 1024K, 17 young (17408K), 17 survivors (17408K)
 Metaspace       used 100587K, committed 101248K, reserved 1138688K
  class space    used 13697K, committed 14016K, reserved 1048576K
}
Event: 21.622 GC heap before
{Heap before GC invocations=35 (full 0):
 garbage-first heap   total 284672K, used 211763K [0x0000000080000000, 0x0000000100000000)
  region size 1024K, 116 young (118784K), 17 survivors (17408K)
 Metaspace       used 103367K, committed 104064K, reserved 1146880K
  class space    used 14122K, committed 14464K, reserved 1048576K
}
Event: 21.668 GC heap after
{Heap after GC invocations=36 (full 0):
 garbage-first heap   total 284672K, used 128000K [0x0000000080000000, 0x0000000100000000)
  region size 1024K, 15 young (15360K), 15 survivors (15360K)
 Metaspace       used 103367K, committed 104064K, reserved 1146880K
  class space    used 14122K, committed 14464K, reserved 1048576K
}
Event: 22.111 GC heap before
{Heap before GC invocations=36 (full 0):
 garbage-first heap   total 284672K, used 217088K [0x0000000080000000, 0x0000000100000000)
  region size 1024K, 103 young (105472K), 15 survivors (15360K)
 Metaspace       used 105008K, committed 105728K, reserved 1146880K
  class space    used 14369K, committed 14720K, reserved 1048576K
}

